<?xml version="1.0" encoding="UTF-8"?>
<!-- Generated by org.testng.reporters.JUnitXMLReporter -->
<testsuite ignored="0" hostname="DESKTOP-I4FDV2H" failures="0" tests="3" name="Default test" time="24.026" errors="0" timestamp="2024-07-27T21:28:03 EET">
  <testcase classname="SecondProject.Task25072024" name="login" time="1.263"/>
  <testcase classname="SecondProject.Task25072024" name="additems" time="10.321"/>
  <testcase classname="SecondProject.Task25072024" name="removeitems" time="10.484"/>
</testsuite> <!-- Default test -->
