<?xml version="1.0" encoding="UTF-8"?>
<testng-results ignored="0" total="3" passed="3" failed="0" skipped="0">
  <reporter-output>
  </reporter-output>
  <suite started-at="2024-07-27T21:27:39 EET" name="Default suite" finished-at="2024-07-27T21:28:03 EET" duration-ms="24026">
    <groups>
    </groups>
    <test started-at="2024-07-27T21:27:39 EET" name="Default test" finished-at="2024-07-27T21:28:03 EET" duration-ms="24026">
      <class name="SecondProject.Task25072024">
        <test-method is-config="true" signature="setup()[pri:0, instance:SecondProject.Task25072024@743cb8e0]" started-at="2024-07-27T21:27:39 EET" name="setup" finished-at="2024-07-27T21:27:40 EET" duration-ms="1753" status="PASS">
          <reporter-output>
          </reporter-output>
        </test-method> <!-- setup -->
        <test-method signature="login()[pri:1, instance:SecondProject.Task25072024@743cb8e0]" started-at="2024-07-27T21:27:41 EET" name="login" finished-at="2024-07-27T21:27:42 EET" duration-ms="1263" status="PASS">
          <reporter-output>
          </reporter-output>
        </test-method> <!-- login -->
        <test-method signature="additems()[pri:2, instance:SecondProject.Task25072024@743cb8e0]" started-at="2024-07-27T21:27:42 EET" name="additems" finished-at="2024-07-27T21:27:52 EET" duration-ms="10321" status="PASS">
          <reporter-output>
          </reporter-output>
        </test-method> <!-- additems -->
        <test-method signature="removeitems()[pri:3, instance:SecondProject.Task25072024@743cb8e0]" started-at="2024-07-27T21:27:52 EET" name="removeitems" finished-at="2024-07-27T21:28:03 EET" duration-ms="10484" status="PASS">
          <reporter-output>
          </reporter-output>
        </test-method> <!-- removeitems -->
      </class> <!-- SecondProject.Task25072024 -->
    </test> <!-- Default test -->
  </suite> <!-- Default suite -->
</testng-results>
